<?xml version="1.0" encoding="UTF-8"?>
<!-- Generated by org.testng.reporters.JUnitXMLReporter -->
<testsuite hostname="DESKTOP-JDVV3AH" failures="1" tests="1" name="Login test 2" time="0.11" errors="0" timestamp="9 Feb 2019 02:12:21 GMT">
  <testcase classname="dd_testCases.Logintest2" name="Login" time="0.104">
    <failure type="org.testng.TestNGException" message="
The data provider is trying to pass 3 parameters but the method dd_testCases.Logintest2#Login takes 2">
      <![CDATA[org.testng.TestNGException: 
The data provider is trying to pass 3 parameters but the method dd_testCases.Logintest2#Login takes 2
... Removed 18 stack frames]]>
    </failure>
  </testcase> <!-- Login -->
</testsuite> <!-- Login test 2 -->
