<?xml version="1.0" encoding="UTF-8"?>
<testng-results total="1" passed="1" failed="0" skipped="0">
  <reporter-output>
  </reporter-output>
  <suite started-at="2019-02-09T04:16:35Z" name="Default suite" finished-at="2019-02-09T04:16:53Z" duration-ms="18125">
    <groups>
    </groups>
    <test started-at="2019-02-09T04:16:35Z" name="Default test" finished-at="2019-02-09T04:16:53Z" duration-ms="18125">
      <class name="dd_testCases.Logintest">
        <test-method is-config="true" signature="initializations()[pri:0, instance:dd_testCases.Logintest@6a2f6f80]" started-at="2019-02-09T09:46:26Z" name="initializations" finished-at="2019-02-09T09:46:35Z" duration-ms="9012" status="PASS">
          <reporter-output>
          </reporter-output>
        </test-method> <!-- initializations -->
        <test-method is-config="true" signature="skip()[pri:0, instance:dd_testCases.Logintest@6a2f6f80]" started-at="2019-02-09T09:46:35Z" name="skip" finished-at="2019-02-09T09:46:35Z" duration-ms="28" status="PASS">
          <reporter-output>
          </reporter-output>
        </test-method> <!-- skip -->
        <test-method signature="Login(java.lang.String, java.lang.String, java.lang.String)[pri:0, instance:dd_testCases.Logintest@6a2f6f80]" started-at="2019-02-09T09:46:35Z" name="Login" data-provider="loginData" finished-at="2019-02-09T09:46:53Z" duration-ms="17956" status="PASS">
          <params>
            <param index="0">
              <value>
                <![CDATA[7210570625]]>
              </value>
            </param>
            <param index="1">
              <value>
                <![CDATA[google123456]]>
              </value>
            </param>
            <param index="2">
              <value>
                <![CDATA[##############]]>
              </value>
            </param>
          </params>
          <reporter-output>
          </reporter-output>
        </test-method> <!-- Login -->
      </class> <!-- dd_testCases.Logintest -->
    </test> <!-- Default test -->
  </suite> <!-- Default suite -->
</testng-results>
